[www.kustomer.com/index.html]
[backblue.gif]
[fade.gif]
[index.html]
[www.kustomer.com/o,baseURI/index.html]
[www.googleoptimize.com/optimizec7e9.js]
[www.kustomer.com/GET/index.html]
[a.omappapi.com/app/js/api.min.js]
[www.kustomer.com/feed/index.html]
[www.kustomer.com/comments/feed/index.html]
[www.kustomer.com/Edge/index.html]
[www.kustomer.com/product/self-service/index.html]
[www.kustomer.com/product/customer-service/index.html]
[www.kustomer.com/product/artificial-intelligence/index.html]
[www.kustomer.com/product/customer-service-crm/index.html]
[www.kustomer.com/pricing/index.html]
[cdn.kustomerapp.com/chat-web/widget.js]
[www.kustomer.com/compare/zendesk/index.html]
[www.kustomer.com/compare/salesforce-service-cloud/index.html]
[nitrocdn.com/wHvDNcErRRXmBJsOsQQouhenqaBbuFef/assets/static/optimized/rev-811abe9/nitro-min-embedded-player-sdk-v5.min.js]
[www.kustomer.com/product/integrations/index.html]
[www.kustomer.com/compare/oracle/index.html]
[www.kustomer.com/compare/freshdesk/index.html]
[www.kustomer.com/compare/intercom/index.html]
[www.kustomer.com/compare/gladly/index.html]
[nitrocdn.com/wHvDNcErRRXmBJsOsQQouhenqaBbuFef/assets/static/optimized/rev-811abe9/nitro-min-d41d8cd98f00b204e9800998ecf8427e.jquery-3.5.1.min.js]
[www.kustomer.com/compare/gorgias/index.html]
[www.kustomer.com/industry/retail/index.html]
[www.kustomer.com/industry/financial-services/index.html]
[nitrocdn.com/wHvDNcErRRXmBJsOsQQouhenqaBbuFef/assets/static/optimized/rev-811abe9/wp-content/plugins/dx-marketo-form-tracker/assets/js/nitro-min-d41d8cd98f00b204e9800998ecf8427e.formTracker.js]
[www.kustomer.com/industry/travel-hospitality/index.html]
[www.kustomer.com/solutions/marketplace/index.html]
[www.kustomer.com/industry/healthcare/index.html]
[nitrocdn.com/wHvDNcErRRXmBJsOsQQouhenqaBbuFef/assets/static/optimized/rev-811abe9/wp-content/themes/kustomer2019/assets/dist/scripts/inc/nitro-min-d41d8cd98f00b204e9800998ecf8427e.navigation.js]
[www.kustomer.com/industry/higher-education/index.html]
[www.kustomer.com/resources/index.html]
[www.kustomer.com/industry/government/index.html]
[nitrocdn.com/wHvDNcErRRXmBJsOsQQouhenqaBbuFef/assets/static/optimized/rev-811abe9/wp-content/themes/kustomer2019/assets/dist/scripts/vendor/nitro-min-d41d8cd98f00b204e9800998ecf8427e.headroom.min.js]
[www.kustomer.com/events/index.html]
[www.kustomer.com/customers/index.html]
[www.kustomer.com/blog/index.html]
[nitrocdn.com/wHvDNcErRRXmBJsOsQQouhenqaBbuFef/assets/static/optimized/rev-811abe9/wp-content/themes/kustomer2019/assets/dist/scripts/inc/nitro-min-d41d8cd98f00b204e9800998ecf8427e.skip-link-focus-fix.js]
[www.kustomer.com/case-study/tecovas/index.html]
[www.kustomer.com/events/kustomer-now-2021/index.html]
[www.kustomer.com/interactive/cx-assessment/index.html]
[nitrocdn.com/wHvDNcErRRXmBJsOsQQouhenqaBbuFef/assets/static/optimized/rev-811abe9/wp-content/themes/kustomer2019/assets/dist/scripts/inc/nitro-min-d41d8cd98f00b204e9800998ecf8427e.sticky-kit.js]
[www.kustomer.com/careers/index.html]
[www.kustomer.com/leadership/index.html]
[www.kustomer.com/team/index.html]
[nitrocdn.com/wHvDNcErRRXmBJsOsQQouhenqaBbuFef/assets/static/optimized/rev-811abe9/wp-content/themes/kustomer2019/assets/dist/scripts/nitro-min-d41d8cd98f00b204e9800998ecf8427e.scripts.js]
[www.kustomer.com/partners/index.html]
[www.kustomer.com/contact/index.html]
[www.kustomer.com/brand-media-kit/index.html]
[nitrocdn.com/wHvDNcErRRXmBJsOsQQouhenqaBbuFef/assets/static/optimized/rev-811abe9/wp-includes/js/nitro-min-d41d8cd98f00b204e9800998ecf8427e.wp-embed.min.js]
[www.kustomer.com/demo/index.html]
[www.kustomer.com/_data_image/gif;base64,R0lGODlhAQABAIABAAAAAP/yH5BAEAAAEALAAAAAABAAEAAAICTAEAOw==_/index.html]
[www.kustomer.com/blog/kustomer-to-join-facebook-helping-brands-thrive-in-digital-economy/index.html]
[nitrocdn.com/wHvDNcErRRXmBJsOsQQouhenqaBbuFef/assets/static/optimized/rev-811abe9/wp-content/plugins/optinmonster/assets/js/nitro-min-d41d8cd98f00b204e9800998ecf8427e.helper.js]
[www.kustomer.com/case-study/untuckit/index.html]
[www.kustomer.com/case-study/the-farmers-dog/index.html]
[www.kustomer.com/compare/index.html]
[www.kustomer.com/POST/index.html]
[www.kustomer.com/demo-videos/index.html]
[www.kustomer.com/case-study/glovo/index.html]
[www.kustomer.com/index.html]
[www.kustomer.com/product/index.html]
[nitrocdn.com/wHvDNcErRRXmBJsOsQQouhenqaBbuFef/assets/static/optimized/rev-811abe9/combinedCss/nitro-min-noimport-92985edd5206967195fac728dddf1020-stylesheet.css]
[www.kustomer.com/o,baseURI/index.html]
[www.kustomer.com/customer-experience/index.html]
[www.kustomer.com/GET/index.html]
[www.kustomer.com/security/index.html]
[www.kustomer.com/Edge/index.html]
[www.kustomer.com/legal/index.html]
[www.googletagmanager.com/gtm5445.html]
[www.kustomer.com/product/updates/index.html]
[www.kustomer.com/privacy/index.html]
[www.kustomer.com/compliance/index.html]
[www.kustomer.com/compliance/gdpr-ccpa/index.html]
[www.kustomer.com/news/index.html]
[www.kustomer.com/investor-companies/index.html]
[www.kustomer.com/privacy/statement/index.html]
[www.kustomer.com/legal/website-terms-of-use/index.html]
[www.kustomer.com/product/customer-service/GET/index.html]
[www.kustomer.com/product/customer-service/Edge/index.html]
[www.kustomer.com/product/customer-service/o,baseURI/index.html]
[www.kustomer.com/product/customer-service/_data_image/gif;base64,R0lGODlhAQABAIABAAAAAP/yH5BAEAAAEALAAAAAABAAEAAAICTAEAOw==_/index.html]
[www.kustomer.com/product/customer-service/index.html]
[www.kustomer.com/videos/omnichannel/index.html]
[www.kustomer.com/product/customer-service/POST/index.html]
[www.kustomer.com/product/self-service/o,baseURI/index.html]
[www.kustomer.com/videos/timeline/index.html]
[www.kustomer.com/product/self-service/GET/index.html]
[www.kustomer.com/product/self-service/index.html]
[www.kustomer.com/product/self-service/Edge/index.html]
[www.kustomer.com/product/self-service/_data_image/gif;base64,R0lGODlhAQABAIABAAAAAP/yH5BAEAAAEALAAAAAABAAEAAAICTAEAOw==_/index.html]
[www.kustomer.com/product/self-service/POST/index.html]
[www.kustomer.com/product/artificial-intelligence/index.html]
[www.kustomer.com/product/artificial-intelligence/o,baseURI/index.html]
[www.kustomer.com/product/artificial-intelligence/GET/index.html]
[www.kustomer.com/product/artificial-intelligence/Edge/index.html]
[www.kustomer.com/product/artificial-intelligence/POST/index.html]
[www.kustomer.com/product/customer-service-crm/o,baseURI/index.html]
[www.kustomer.com/product/customer-service-crm/GET/index.html]
[www.kustomer.com/product/customer-service-crm/index.html]
[www.kustomer.com/product/customer-service-crm/Edge/index.html]
[www.kustomer.com/product/customer-service-crm/_data_image/gif;base64,R0lGODlhAQABAIABAAAAAP/yH5BAEAAAEALAAAAAABAAEAAAICTAEAOw==_/index.html]
[www.kustomer.com/product/customer-service-crm/POST/index.html]
[www.kustomer.com/product/enhanced-controls/index.html]
[www.kustomer.com/product/integrations/index.html]
[www.kustomer.com/product/integrations/GET/index.html]
[www.kustomer.com/product/integrations/o,baseURI/index.html]
[www.kustomer.com/product/integrations/Edge/index.html]
[www.kustomer.com/product/integrations/category/insights-analytics/index.html]
[www.kustomer.com/product/integrations/category/apps/index.html]
[www.kustomer.com/product/integrations/category/ai-chatbots/index.html]
[www.kustomer.com/product/integrations/category/channels/index.html]
[www.kustomer.com/product/integrations/category/ecommerce/index.html]
[www.kustomer.com/product/integrations/category/surveys-feedback/index.html]
[www.kustomer.com/product/integrations/category/productivity/index.html]
[www.kustomer.com/product/integrations/category/integrations/index.html]
[www.kustomer.com/product/integrations/facebook-messenger/index.html]
[www.kustomer.com/product/integrations/shopify/index.html]
[www.kustomer.com/pricing/index.html]
[www.kustomer.com/product/integrations/instagram-messaging/index.html]
[www.kustomer.com/product/integrations/aircall/index.html]
[www.kustomer.com/product/integrations/twitter/index.html]
[www.kustomer.com/product/integrations/shelf/index.html]
[www.kustomer.com/product/integrations/talkdesk/index.html]
[www.kustomer.com/product/integrations/ujet/index.html]
[www.kustomer.com/product/integrations/amazon-connect/index.html]
[www.kustomer.com/product/integrations/dialpad/index.html]
[www.kustomer.com/product/integrations/whatsapp/index.html]
[www.kustomer.com/product/integrations/masvoz/index.html]
[www.kustomer.com/product/integrations/magento/index.html]
[www.kustomer.com/product/integrations/gmail/index.html]
[www.kustomer.com/product/integrations/supportrends/index.html]
[www.kustomer.com/product/integrations/delighted/index.html]
[www.kustomer.com/product/integrations/stella-connect/index.html]
[www.kustomer.com/product/integrations/klaus/index.html]
[www.kustomer.com/product/integrations/customer-thermometer/index.html]
[www.kustomer.com/product/integrations/fivetran/index.html]
[nitrocdn.com/wHvDNcErRRXmBJsOsQQouhenqaBbuFef/assets/static/optimized/rev-811abe9/assets/v1/marketo/nitro-min-forms.js]
[www.kustomer.com/product/integrations/looker/index.html]
[www.kustomer.com/product/integrations/unbabel/index.html]
[nitrocdn.com/wHvDNcErRRXmBJsOsQQouhenqaBbuFef/assets/static/optimized/rev-811abe9/wp-content/themes/kustomer2019/assets/dist/scripts/inc/nitro-min-d41d8cd98f00b204e9800998ecf8427e.forms.js]
[www.kustomer.com/compare/zendesk/index.html]
[www.kustomer.com/product/integrations/segment/index.html]
[www.kustomer.com/product/integrations/calabrio/index.html]
[www.kustomer.com/product/integrations/assembled/index.html]
[www.kustomer.com/product/integrations/piesync/index.html]
[www.kustomer.com/product/integrations/playvox/index.html]
[www.kustomer.com/product/integrations/salesforce/index.html]
[www.kustomer.com/product/integrations/jira/index.html]
[www.kustomer.com/product/integrations/evaluagent/index.html]
[www.kustomer.com/product/integrations/thankful/index.html]
[www.kustomer.com/product/integrations/8x8/index.html]
[www.kustomer.com/product/integrations/ada/index.html]
[www.kustomer.com/product/integrations/genesys-cloud/index.html]
[www.kustomer.com/product/integrations/loyaltylion/index.html]
[www.kustomer.com/product/integrations/bigcommerce/index.html]
[www.kustomer.com/compare/salesforce-service-cloud/index.html]
[www.kustomer.com/product/integrations/POST/index.html]
[www.kustomer.com/pricing/o,baseURI/index.html]
[www.kustomer.com/pricing/GET/index.html]
[www.kustomer.com/pricing/Edge/index.html]
[www.kustomer.com/pricing/compare-plans/index.html]
[www.kustomer.com/compare/zendesk/o,baseURI/index.html]
[www.kustomer.com/compare/zendesk/GET/index.html]
[www.kustomer.com/pricing/POST/index.html]
[www.kustomer.com/compare/zendesk/Edge/index.html]
[www.kustomer.com/compare/zendesk/_data_image/gif;base64,R0lGODlhAQABAIABAAAAAP/yH5BAEAAAEALAAAAAABAAEAAAICTAEAOw==_/index.html]
[www.kustomer.com/webinars/why-modern-cx-leaders-made-the-switch/index.html]
[www.kustomer.com/case-study/thirdlove/index.html]
[www.kustomer.com/compare/freshdesk/index.html]
[www.kustomer.com/case-study/nuts-dot-com/index.html]
[www.kustomer.com/guides/zendesk-vs-kustomer-buyers-guide/index.html]
[nitrocdn.com/wHvDNcErRRXmBJsOsQQouhenqaBbuFef/assets/static/optimized/rev-811abe9/assets/external/nitro-min-E-v1.js]
[www.kustomer.com/case-study/hopskipdrive/index.html]
[www.kustomer.com/compare/zendesk/POST/index.html]
[nitrocdn.com/wHvDNcErRRXmBJsOsQQouhenqaBbuFef/assets/static/optimized/rev-811abe9/wp-content/themes/kustomer2019/assets/dist/scripts/inc/nitro-min-d41d8cd98f00b204e9800998ecf8427e.marketo-email-validation.2e.delay]
[www.kustomer.com/compare/salesforce-service-cloud/o,baseURI/index.html]
[www.kustomer.com/compare/salesforce-service-cloud/GET/index.html]
[www.kustomer.com/compare/salesforce-service-cloud/Edge/index.html]
[www.kustomer.com/case-study/away/index.html]
[www.kustomer.com/compare/salesforce-service-cloud/_data_image/gif;base64,R0lGODlhAQABAIABAAAAAP/yH5BAEAAAEALAAAAAABAAEAAAICTAEAOw==_/index.html]
[www.kustomer.com/compare/salesforce-service-cloud/POST/index.html]
[www.kustomer.com/compare/freshdesk/o,baseURI/index.html]
[www.kustomer.com/compare/oracle/index.html]
[www.kustomer.com/compare/freshdesk/GET/index.html]
[www.kustomer.com/compare/freshdesk/Edge/index.html]
[www.kustomer.com/compare/freshdesk/_data_image/gif;base64,R0lGODlhAQABAIABAAAAAP/yH5BAEAAAEALAAAAAABAAEAAAICTAEAOw==_/index.html]
[www.kustomer.com/case-study/anomalie/index.html]
[www.kustomer.com/compare/freshdesk/POST/index.html]
[www.kustomer.com/compare/oracle/o,baseURI/index.html]
[www.kustomer.com/compare/oracle/GET/index.html]
[www.kustomer.com/compare/oracle/Edge/index.html]
[www.kustomer.com/compare/oracle/_data_image/gif;base64,R0lGODlhAQABAIABAAAAAP/yH5BAEAAAEALAAAAAABAAEAAAICTAEAOw==_/index.html]
[www.kustomer.com/compare/gladly/index.html]
[www.kustomer.com/compare/gladly/o,baseURI/index.html]
[www.kustomer.com/compare/gladly/GET/index.html]
[www.kustomer.com/compare/oracle/POST/index.html]
[www.kustomer.com/compare/gladly/Edge/index.html]
[www.kustomer.com/compare/gladly/_data_image/gif;base64,R0lGODlhAQABAIABAAAAAP/yH5BAEAAAEALAAAAAABAAEAAAICTAEAOw==_/index.html]
[www.kustomer.com/compare/gladly/POST/index.html]
[www.kustomer.com/compare/intercom/o,baseURI/index.html]
[www.kustomer.com/compare/intercom/GET/index.html]
[www.kustomer.com/compare/intercom/index.html]
[www.kustomer.com/compare/intercom/Edge/index.html]
[www.kustomer.com/compare/intercom/_data_image/gif;base64,R0lGODlhAQABAIABAAAAAP/yH5BAEAAAEALAAAAAABAAEAAAICTAEAOw==_/index.html]
[www.kustomer.com/case-study/paddle/index.html]
[www.kustomer.com/case-study/piesync/index.html]
[www.kustomer.com/compare/intercom/POST/index.html]
[www.kustomer.com/compare/gorgias/o,baseURI/index.html]
[www.kustomer.com/compare/gorgias/index.html]
[www.kustomer.com/compare/gorgias/GET/index.html]
[www.kustomer.com/compare/gorgias/Edge/index.html]
[www.kustomer.com/compare/gorgias/_data_image/gif;base64,R0lGODlhAQABAIABAAAAAP/yH5BAEAAAEALAAAAAABAAEAAAICTAEAOw==_/index.html]
[www.kustomer.com/compare/gorgias/POST/index.html]
[www.kustomer.com/industry/retail/o,baseURI/index.html]
[www.kustomer.com/industry/retail/index.html]
[www.kustomer.com/industry/retail/GET/index.html]
[www.kustomer.com/industry/retail/Edge/index.html]
[www.kustomer.com/industry/retail/_data_image/gif;base64,R0lGODlhAQABAIABAAAAAP/yH5BAEAAAEALAAAAAABAAEAAAICTAEAOw==_/index.html]
[www.kustomer.com/guides/customer-service-retail-report/index.html]
[www.kustomer.com/ebooks/future-of-retail-customer-service/index.html]
[www.kustomer.com/blog/why-kustomer-experience-matters-to-abercrombie/index.html]
[www.kustomer.com/industry/financial-services/o,baseURI/index.html]
[www.kustomer.com/industry/financial-services/index.html]
[www.kustomer.com/industry/financial-services/GET/index.html]
[www.kustomer.com/industry/financial-services/Edge/index.html]
[www.kustomer.com/industry/retail/POST/index.html]
[www.kustomer.com/industry/financial-services/_data_image/gif;base64,R0lGODlhAQABAIABAAAAAP/yH5BAEAAAEALAAAAAABAAEAAAICTAEAOw==_/index.html]
[www.kustomer.com/videos/3-benefits-of-omnichannel-support/index.html]
[www.kustomer.com/industry/financial-services/POST/index.html]
[www.kustomer.com/industry/travel-hospitality/o,baseURI/index.html]
[www.kustomer.com/guides/true-omnichannel-support/index.html]
[www.kustomer.com/infographics/4-ways-to-operationalize-omnichannel-support/index.html]
[www.kustomer.com/industry/travel-hospitality/GET/index.html]
[www.kustomer.com/industry/travel-hospitality/index.html]
[www.kustomer.com/industry/travel-hospitality/Edge/index.html]
[www.kustomer.com/industry/travel-hospitality/_data_image/gif;base64,R0lGODlhAQABAIABAAAAAP/yH5BAEAAAEALAAAAAABAAEAAAICTAEAOw==_/index.html]
[www.kustomer.com/guides/customer-contact-vision-for-2025-report/index.html]
[www.kustomer.com/guides/scaling-customer-service/index.html]
[www.kustomer.com/industry/travel-hospitality/POST/index.html]
[www.kustomer.com/solutions/marketplace/GET/index.html]
[www.kustomer.com/solutions/marketplace/o,baseURI/index.html]
[www.kustomer.com/solutions/marketplace/Edge/index.html]
[www.kustomer.com/solutions/marketplace/_data_image/gif;base64,R0lGODlhAQABAIABAAAAAP/yH5BAEAAAEALAAAAAABAAEAAAICTAEAOw==_/index.html]
[www.kustomer.com/solutions/marketplace/index.html]
[www.kustomer.com/blog/how-dtc-brands-deliver-personalized-experiences/index.html]
[www.kustomer.com/whitepapers/guide-to-cx-marketplaces/index.html]
[www.kustomer.com/solutions/marketplace/POST/index.html]
[www.kustomer.com/industry/healthcare/o,baseURI/index.html]
[www.kustomer.com/industry/healthcare/index.html]
[www.kustomer.com/industry/healthcare/GET/index.html]
[www.kustomer.com/industry/healthcare/Edge/index.html]
[www.kustomer.com/industry/healthcare/_data_image/gif;base64,R0lGODlhAQABAIABAAAAAP/yH5BAEAAAEALAAAAAABAAEAAAICTAEAOw==_/index.html]
[www.kustomer.com/compliance/hipaa/index.html]
[www.kustomer.com/guides/what-consumers-expect-from-patient-experience/index.html]
[www.kustomer.com/industry/healthcare/POST/index.html]
[www.kustomer.com/industry/higher-education/o,baseURI/index.html]
[www.kustomer.com/industry/higher-education/GET/index.html]
[www.kustomer.com/industry/higher-education/Edge/index.html]
[www.kustomer.com/industry/higher-education/index.html]
[www.kustomer.com/industry/higher-education/_data_image/gif;base64,R0lGODlhAQABAIABAAAAAP/yH5BAEAAAEALAAAAAABAAEAAAICTAEAOw==_/index.html]
[www.kustomer.com/ebooks/leverage-ai-for-customer-service/index.html]
[www.kustomer.com/industry/higher-education/POST/index.html]
[www.kustomer.com/industry/government/o,baseURI/index.html]
[www.kustomer.com/industry/government/index.html]
[www.kustomer.com/industry/government/Edge/index.html]
[www.kustomer.com/industry/government/GET/index.html]
[www.kustomer.com/industry/government/_data_image/gif;base64,R0lGODlhAQABAIABAAAAAP/yH5BAEAAAEALAAAAAABAAEAAAICTAEAOw==_/index.html]
[www.kustomer.com/industry/government/POST/index.html]
[www.kustomer.com/wp-content/themes/images/redo-solid.svg]
[www.kustomer.com/resources/o,baseURI/index.html]
[www.kustomer.com/wp-content/themes/images/slider-arrows.svg]
[www.kustomer.com/resources/GET/index.html]
[www.kustomer.com/resources/index.html]
[www.kustomer.com/resources/Edge/index.html]
[www.kustomer.com/resources/_data_image/gif;base64,R0lGODlhAQABAIABAAAAAP/yH5BAEAAAEALAAAAAABAAEAAAICTAEAOw==_/index.html]
[www.kustomer.com/resources/POST/index.html]
[www.kustomer.com/blog/index.html]
[www.kustomer.com/blog/GET/index.html]
[www.kustomer.com/blog/o,baseURI/index.html]
[www.kustomer.com/blog/Edge/index.html]
[www.kustomer.com/blog/page/2/index.html]
[www.kustomer.com/blog/category/general/index.html]
[www.kustomer.com/blog/category/best-practices/index.html]
[www.kustomer.com/blog/category/company/index.html]
[www.kustomer.com/blog/category/news/index.html]
[www.kustomer.com/blog/category/product-updates/index.html]
[www.kustomer.com/blog/category/podcast/index.html]
[www.kustomer.com/blog/category/customer-success/index.html]
[www.kustomer.com/blog/bringing-departments-together/index.html]
[www.kustomer.com/events/index.html]
[www.kustomer.com/blog/dedicated-agent-and-live-mode/index.html]
[www.kustomer.com/blog/improve-ecommerce-customer-experience/index.html]
[www.kustomer.com/blog/3-steps-capturing-voice-of-customer/index.html]
[www.kustomer.com/blog/better-brand-interactions/index.html]
[www.kustomer.com/blog/supercharge-customer-service-kustomer-ada/index.html]
[www.kustomer.com/blog/cx-imperatives/index.html]
[www.kustomer.com/blog/forrester-total-economic-impact-study/index.html]
[www.kustomer.com/blog/tomorrows-customer-experience/index.html]
[www.kustomer.com/blog/building-a-90-day-roadmap-to-success/index.html]
[www.kustomer.com/blog/taking-advantage-of-social-commerce/index.html]
[www.kustomer.com/blog/2021-saas-awards-finalist/index.html]
[www.kustomer.com/blog/customer-service-healthcare/index.html]
[www.kustomer.com/blog/master-modern-customer-experiences/index.html]
[www.kustomer.com/blog/upgrade-your-contact-center-using-ai/index.html]
[www.kustomer.com/blog/achieve-growth-with-customer-satisfaction/index.html]
[www.kustomer.com/blog/happy-shopping-recap/index.html]
[www.kustomer.com/blog/wait-time-customer-experience/index.html]
[www.kustomer.com/customers/index.html]
[www.kustomer.com/blog/podcast-drive-business-value-with-cx/index.html]
[www.kustomer.com/blog/problems-in-cx/index.html]
[www.kustomer.com/blog/page/17/index.html]
[www.kustomer.com/events/o,baseURI/index.html]
[www.kustomer.com/events/Edge/index.html]
[www.kustomer.com/events/GET/index.html]
[www.kustomer.com/events/_data_image/gif;base64,R0lGODlhAQABAIABAAAAAP/yH5BAEAAAEALAAAAAABAAEAAAICTAEAOw==_/index.html]
[www.kustomer.com/events/happy-shopping-conference/index.html]
[www.kustomer.com/events/social-commerce-live/index.html]
[www.kustomer.com/events/customer-experience-summit/index.html]
[www.kustomer.com/webinars/why-leading-dtc-brands-made-the-switch/index.html]
[www.kustomer.com/events/kustomer-now-2020/index.html]
[www.kustomer.com/events/kustomer-now-2021/index.html]
[www.kustomer.com/webinars/kustomer-vs-salesforce-service-cloud/index.html]
[www.kustomer.com/webinars/kustomer-vs-freshdesk/index.html]
[www.kustomer.com/webinars/kustomer-vs-intercom/index.html]
[www.kustomer.com/webinars/kustomer-vs-oracle/index.html]
[www.kustomer.com/customers/o,baseURI/index.html]
[www.kustomer.com/events/POST/index.html]
[www.kustomer.com/customers/GET/index.html]
[www.kustomer.com/customers/Edge/index.html]
[www.kustomer.com/case-study/avantstay/index.html]
[www.kustomer.com/case-study/lumin-skin/index.html]
[www.kustomer.com/case-study/rainbow/index.html]
[www.kustomer.com/case-study/priority-bicycles/index.html]
[www.kustomer.com/case-study/bulletproof/index.html]
[www.kustomer.com/wp-content/uploads/2021/06/CST_Tecovas.pdf]
[www.kustomer.com/customers/POST/index.html]
[www.kustomer.com/events/kustomer-now-2021/o,baseURI/index.html]
[www.kustomer.com/events/kustomer-now-2021/GET/index.html]
[www.kustomer.com/case-study/tecovas/index.html]
[www.kustomer.com/events/kustomer-now-2021/Edge/index.html]
[www.kustomer.com/events/kustomer-now-2021/_data_image/gif;base64,R0lGODlhAQABAIABAAAAAP/yH5BAEAAAEALAAAAAABAAEAAAICTAEAOw==_/index.html]
[www.kustomer.com/events/kustomer-now-2021/POST/index.html]
[www.kustomer.com/case-study/tecovas/o,baseURI/index.html]
[www.kustomer.com/case-study/tecovas/GET/index.html]
[www.kustomer.com/case-study/tecovas/Edge/index.html]
[www.kustomer.com/case-study/tecovas/_data_image/gif;base64,R0lGODlhAQABAIABAAAAAP/yH5BAEAAAEALAAAAAABAAEAAAICTAEAOw==_/index.html]
[www.kustomer.com/case-study/tecovas/POST/index.html]
[www.kustomer.com/interactive/cx-assessment/o,baseURI/index.html]
[nitrocdn.com/wHvDNcErRRXmBJsOsQQouhenqaBbuFef/assets/static/optimized/rev-811abe9/nitro-min-scroll-proxy.min.js]
[www.kustomer.com/interactive/cx-assessment/GET/index.html]
[www.kustomer.com/interactive/cx-assessment/index.html]
[www.kustomer.com/interactive/cx-assessment/Edge/index.html]
[www.kustomer.com/team/o,baseURI/index.html]
[www.kustomer.com/team/Edge/index.html]
[www.kustomer.com/team/GET/index.html]
[www.kustomer.com/interactive/cx-assessment/POST/index.html]
[www.kustomer.com/team/_data_image/gif;base64,R0lGODlhAQABAIABAAAAAP/yH5BAEAAAEALAAAAAABAAEAAAICTAEAOw==_/index.html]
[www.kustomer.com/team/index.html]
[sdk.ceros.com/embedded-player-sdk-v5.min.js]
[www.kustomer.com/team/POST/index.html]
[www.kustomer.com/wp-content/uploads/2021/06/bgcareer.jpg]
[www.kustomer.com/wp-content/uploads/2021/07/Engineering.svg]
[www.kustomer.com/wp-content/uploads/2021/07/Product.svg]
[www.kustomer.com/wp-content/uploads/2021/07/Marketing.svg]
[www.kustomer.com/wp-content/uploads/2021/07/Finance.svg]
[www.kustomer.com/wp-content/uploads/2021/07/People.svg]
[www.kustomer.com/wp-content/uploads/2021/07/Sales.svg]
[www.kustomer.com/wp-content/uploads/2021/07/CustomerExperience.svg]
[www.kustomer.com/wp-content/themes/kustomer2019/assets/dist/css/master.mina257.css]
[www.kustomer.com/wp-content/uploads/2020/02/10.jpg]
[www.kustomer.com/wp-content/uploads/2020/02/CareersCollage.png]
[www.kustomer.com/wp-content/uploads/2020/02/5.jpg]
[www.kustomer.com/wp-content/uploads/2020/02/LinkedIn-1.png]
[www.kustomer.com/wp-content/uploads/2020/02/facebookgood-1.png]
[www.kustomer.com/wp-content/uploads/2020/02/Image-1-1.png]
[www.kustomer.com/wp-content/uploads/2020/02/builtinnyc.png]
[www.kustomer.com/wp-content/uploads/2020/02/instagram-1.png]
[code.jquery.com/jquery-3.5.1.min4a7d.js]
[www.kustomer.com/wp-content/plugins/dx-marketo-form-tracker/assets/js/formTracker9f31.js]
[www.kustomer.com/wp-content/themes/kustomer2019/assets/dist/scripts/inc/navigationace4.js]
[www.kustomer.com/wp-content/themes/kustomer2019/assets/dist/scripts/vendor/headroom.min5153.js]
[www.kustomer.com/wp-content/themes/kustomer2019/assets/dist/scripts/inc/skip-link-focus-fixace4.js]
[www.kustomer.com/wp-content/themes/kustomer2019/assets/dist/scripts/inc/sticky-kit68b3.js]
[www.kustomer.com/wp-content/themes/kustomer2019/assets/dist/scripts/scripts04f3.js]
[www.kustomer.com/wp-includes/js/wp-embed.min9f31.js]
[www.kustomer.com/careers/index.html]
[www.kustomer.com/wp-content/plugins/optinmonster/assets/js/helperd315.js]
[www.kustomer.com/leadership/o,baseURI/index.html]
[www.kustomer.com/leadership/GET/index.html]
[www.kustomer.com/leadership/brad-birnbaum/index.html]
[www.kustomer.com/leadership/jeremy-suriel/index.html]
[www.kustomer.com/leadership/Edge/index.html]
[www.kustomer.com/leadership/index.html]
[www.kustomer.com/leadership/blaga-lund/index.html]
[www.kustomer.com/leadership/vikas-bhambri/index.html]
[www.kustomer.com/leadership/peter-johnson/index.html]
[www.kustomer.com/leadership/amir-oren/index.html]
[www.kustomer.com/leadership/gabe-larsen/index.html]
[www.kustomer.com/leadership/mike-chapin/index.html]
[www.kustomer.com/leadership/_data_image/gif;base64,R0lGODlhAQABAIABAAAAAP/yH5BAEAAAEALAAAAAABAAEAAAICTAEAOw==_/index.html]
[www.kustomer.com/wp-content/uploads/2019/12/Kustomer-Branding-Logos.zip]
[www.kustomer.com/leadership/neeraj-agrawal/index.html]
[www.kustomer.com/leadership/tanya-livingstone/index.html]
[www.kustomer.com/leadership/tomasz-tunguz/index.html]
[www.kustomer.com/wp-content/uploads/2020/11/Leadership-Headshots-Zip.zip]
[www.kustomer.com/leadership/deepak-kamra/index.html]
[www.kustomer.com/leadership/wendi-sturgis/index.html]
[www.kustomer.com/leadership/gary-benitt/index.html]
[www.kustomer.com/brand-media-kit/index.html]
[www.kustomer.com/leadership/alex-bard/index.html]
[www.kustomer.com/leadership/ed-sim/index.html]
[www.kustomer.com/leadership/thomas-laffont/index.html]
[www.kustomer.com/leadership/bryce-maddock/index.html]
[www.kustomer.com/leadership/jaspar-weir/index.html]
[www.kustomer.com/leadership/rob-bailey/index.html]
[www.kustomer.com/leadership/POST/index.html]
[www.kustomer.com/partners/index.html]
[www.kustomer.com/brand-media-kit/o,baseURI/index.html]
[www.kustomer.com/brand-media-kit/GET/index.html]
[www.kustomer.com/brand-media-kit/POST/index.html]
[www.kustomer.com/brand-media-kit/Edge/index.html]
[www.kustomer.com/partners/o,baseURI/index.html]
[www.kustomer.com/partners/GET/index.html]
[www.kustomer.com/partners/refer/index.html]
[www.kustomer.com/partners/Edge/index.html]
[www.kustomer.com/contact/index.html]
[www.kustomer.com/partners/POST/index.html]
[www.kustomer.com/partners/shopify/index.html]
[www.kustomer.com/contact/o,baseURI/index.html]
[www.kustomer.com/contact/GET/index.html]
[www.kustomer.com/contact/Edge/index.html]
[www.kustomer.com/contact/POST/index.html]
[www.kustomer.com/demo/o,baseURI/index.html]
[www.kustomer.com/demo/GET/index.html]
[www.kustomer.com/demo/index.html]
[www.kustomer.com/demo/Edge/index.html]
[www.kustomer.com/demo/POST/index.html]
[www.kustomer.com/blog/kustomer-to-join-facebook-helping-brands-thrive-in-digital-economy/o,baseURI/index.html]
[www.kustomer.com/blog/kustomer-to-join-facebook-helping-brands-thrive-in-digital-economy/GET/index.html]
[www.kustomer.com/blog/kustomer-to-join-facebook-helping-brands-thrive-in-digital-economy/Edge/index.html]
[www.kustomer.com/blog/kustomer-to-join-facebook-helping-brands-thrive-in-digital-economy/index.html]
[www.kustomer.com/blog/tag/brad-birnbaum/index.html]
[www.kustomer.com/blog/tag/digital-customer-service/index.html]
[www.kustomer.com/_data_image/gif;base64,R0lGODlhAQABAIABAAAAAP/yH5BAEAAAEALAAAAAABAAEAAAICTAEAOw==_/index.html]
[www.kustomer.com/blog/tag/facebook/index.html]
[www.kustomer.com/blog/tag/digital-economy/index.html]
[www.kustomer.com/blog/tag/modern-customer-service/index.html]
[www.kustomer.com/blog/tag/kustomer/index.html]
[www.kustomer.com/blog/tag/press-release/index.html]
[www.kustomer.com/compare/o,baseURI/index.html]
[www.kustomer.com/compare/GET/index.html]
[www.kustomer.com/compare/Edge/index.html]
[www.kustomer.com/compare/index.html]
[www.kustomer.com/compare/_data_image/gif;base64,R0lGODlhAQABAIABAAAAAP/yH5BAEAAAEALAAAAAABAAEAAAICTAEAOw==_/index.html]
[www.kustomer.com/compare/POST/index.html]
[www.kustomer.com/case-study/untuckit/o,baseURI/index.html]
[www.kustomer.com/case-study/untuckit/GET/index.html]
[www.kustomer.com/case-study/untuckit/Edge/index.html]
[www.kustomer.com/wp-content/uploads/2021/02/Untuckit_CaseStudy.pdf]
[www.kustomer.com/case-study/untuckit/_data_image/gif;base64,R0lGODlhAQABAIABAAAAAP/yH5BAEAAAEALAAAAAABAAEAAAICTAEAOw==_/index.html]
[www.kustomer.com/case-study/untuckit/index.html]
[www.kustomer.com/case-study/untuckit/POST/index.html]
[www.kustomer.com/case-study/the-farmers-dog/o,baseURI/index.html]
[www.kustomer.com/case-study/the-farmers-dog/GET/index.html]
[www.kustomer.com/case-study/the-farmers-dog/Edge/index.html]
[www.kustomer.com/wp-content/uploads/2021/02/FarmersDog_CaseStudy.pdf]
[www.kustomer.com/case-study/the-farmers-dog/_data_image/gif;base64,R0lGODlhAQABAIABAAAAAP/yH5BAEAAAEALAAAAAABAAEAAAICTAEAOw==_/index.html]
[www.kustomer.com/case-study/the-farmers-dog/index.html]
[www.kustomer.com/case-study/the-farmers-dog/POST/index.html]
[www.kustomer.com/case-study/glovo/o,baseURI/index.html]
[www.kustomer.com/case-study/glovo/GET/index.html]
[www.kustomer.com/case-study/glovo/Edge/index.html]
[www.kustomer.com/wp-content/uploads/2021/02/Glovo_CaseStudy.pdf]
[www.kustomer.com/case-study/glovo/_data_image/gif;base64,R0lGODlhAQABAIABAAAAAP/yH5BAEAAAEALAAAAAABAAEAAAICTAEAOw==_/index.html]
[www.kustomer.com/case-study/glovo/index.html]
[www.kustomer.com/POST/index.html]
[www.kustomer.com/case-study/glovo/POST/index.html]
[www.kustomer.com/demo-videos/o,baseURI/index.html]
[www.kustomer.com/demo-videos/index.html]
[www.kustomer.com/demo-videos/GET/index.html]
[www.kustomer.com/demo-videos/Edge/index.html]
[www.kustomer.com/demo-videos/POST/index.html]
[www.kustomer.com/product/o,baseURI/index.html]
[www.kustomer.com/product/GET/index.html]
[www.kustomer.com/product/index.html]
[www.kustomer.com/product/_data_image/gif;base64,R0lGODlhAQABAIABAAAAAP/yH5BAEAAAEALAAAAAABAAEAAAICTAEAOw==_/index.html]
[www.kustomer.com/product/Edge/index.html]
[www.kustomer.com/interactive-demo/index.html]
[www.kustomer.com/campaigns/ultimate-for-enterprise/index.html]
[www.kustomer.com/product/POST/index.html]
[www.kustomer.com/customer-experience/o,baseURI/index.html]
[www.kustomer.com/customer-experience/GET/index.html]
[www.kustomer.com/customer-experience/Edge/index.html]
[www.kustomer.com/customer-experience/_data_image/gif;base64,R0lGODlhAQABAIABAAAAAP/yH5BAEAAAEALAAAAAABAAEAAAICTAEAOw==_/index.html]
[www.kustomer.com/customer-experience/index.html]
[www.kustomer.com/customer-experience/POST/index.html]
[fast.wistia.com/assets/external/E-v1.js]
[www.kustomer.com/product/updates/o,baseURI/index.html]
[www.kustomer.com/product/updates/GET/index.html]
[www.kustomer.com/product/updates/index.html]
[www.kustomer.com/product/updates/_https_/developer.kustomer.com/chat-sdk/v2-Android/docs/quick-start-guide-chat-sdk-for-android/index.html]
[www.kustomer.com/product/updates/Edge/index.html]
[www.kustomer.com/blog/app-marketplace-developer-platform/index.html]
[www.kustomer.com/product/updates/POST/index.html]
[www.kustomer.com/blog/kustomer-adds-instagram-messaging-integration/index.html]
[www.kustomer.com/security/o,baseURI/index.html]
[www.kustomer.com/security/index.html]
[www.kustomer.com/security/GET/index.html]
[www.kustomer.com/security/Edge/index.html]
[www.kustomer.com/policy/disclosure/index.html]
[www.kustomer.com/security/POST/index.html]
[www.kustomer.com/legal/o,baseURI/index.html]
[www.kustomer.com/legal/index.html]
[www.kustomer.com/legal/GET/index.html]
[www.kustomer.com/legal/Edge/index.html]
[www.kustomer.com/legal/terms/index.html]
[www.kustomer.com/legal/reseller-pass-through-terms/index.html]
[www.kustomer.com/legal/supplemental-terms/index.html]
[www.kustomer.com/legal/POST/index.html]
[www.kustomer.com/privacy/o,baseURI/index.html]
[www.kustomer.com/privacy/index.html]
[www.kustomer.com/privacy/GET/index.html]
[www.kustomer.com/privacy/Edge/index.html]
[www.kustomer.com/privacy/policy/index.html]
[www.kustomer.com/compliance/subprocessors/index.html]
[www.kustomer.com/compliance/dpa/index.html]
[www.kustomer.com/compliance/data-subject-request/index.html]
[www.kustomer.com/privacy/candidate-statement/index.html]
[www.kustomer.com/privacy/cookie-policy/index.html]
[www.kustomer.com/compliance/index.html]
[www.kustomer.com/privacy/POST/index.html]
[www.kustomer.com/compliance/o,baseURI/index.html]
[www.kustomer.com/compliance/gdpr-ccpa/index.html]
[www.kustomer.com/compliance/GET/index.html]
[www.kustomer.com/compliance/Edge/index.html]
[www.kustomer.com/compliance/POST/index.html]
[www.kustomer.com/news/o,baseURI/index.html]
[www.kustomer.com/news/GET/index.html]
[www.kustomer.com/news/Edge/index.html]
[www.kustomer.com/news/index.html]
[www.kustomer.com/news/_data_image/gif;base64,R0lGODlhAQABAIABAAAAAP/yH5BAEAAAEALAAAAAABAAEAAAICTAEAOw==_/index.html]
[www.kustomer.com/news/category/awards/index.html]
[www.kustomer.com/news/category/coverage/index.html]
[www.kustomer.com/news/page/2/index.html]
[www.kustomer.com/news/page/3/index.html]
[www.kustomer.com/news/POST/index.html]
[www.kustomer.com/investor-companies/o,baseURI/index.html]
[www.kustomer.com/news/page/9/index.html]
[www.kustomer.com/investor-companies/index.html]
[www.kustomer.com/investor-companies/GET/index.html]
[www.kustomer.com/investor-companies/Edge/index.html]
[www.kustomer.com/investor-companies/POST/index.html]
[www.kustomer.com/legal/website-terms-of-use/o,baseURI/index.html]
[www.kustomer.com/legal/website-terms-of-use/index.html]
[www.kustomer.com/legal/website-terms-of-use/GET/index.html]
[www.kustomer.com/legal/website-terms-of-use/Edge/index.html]
[www.kustomer.com/policy/acceptable-use/index.html]
[www.kustomer.com/legal/website-terms-of-use/POST/index.html]
[www.kustomer.com/privacy/statement/index.html]
[www.kustomer.com/privacy/statement/o,baseURI/index.html]
[www.kustomer.com/privacy/statement/GET/index.html]
[www.kustomer.com/privacy/statement/Edge/index.html]
[www.kustomer.com/privacy/statement-archive-jan-2020/index.html]
[www.kustomer.com/privacy/statement/POST/index.html]
[nitrocdn.com/wHvDNcErRRXmBJsOsQQouhenqaBbuFef/assets/static/optimized/rev-811abe9/wp-content/themes/kustomer2019/assets/dist/images/bg-purple-section.png]
[nitrocdn.com/wHvDNcErRRXmBJsOsQQouhenqaBbuFef/assets/static/optimized/rev-811abe9/wp-content/themes/kustomer2019/assets/dist/images/Lines.png]
[nitrocdn.com/wHvDNcErRRXmBJsOsQQouhenqaBbuFef/assets/static/optimized/rev-811abe9/wp-content/themes/kustomer2019/assets/dist/images/bg-demo-form.png]
[nitrocdn.com/wHvDNcErRRXmBJsOsQQouhenqaBbuFef/assets/static/optimized/rev-811abe9/wp-content/themes/kustomer2019/assets/dist/images/patern-green.png]
[www.kustomer.com/wp-content/themes/kustomer2019/assets/dist/images/wave_light_blue.svg]
[nitrocdn.com/wHvDNcErRRXmBJsOsQQouhenqaBbuFef/assets/static/optimized/rev-811abe9/wp-content/themes/kustomer2019/assets/dist/images/patern-yellow.png]
[nitrocdn.com/wHvDNcErRRXmBJsOsQQouhenqaBbuFef/assets/static/optimized/rev-811abe9/wp-content/themes/kustomer2019/assets/dist/images/patern-blue.png]
[nitrocdn.com/wHvDNcErRRXmBJsOsQQouhenqaBbuFef/assets/static/optimized/rev-811abe9/wp-content/themes/kustomer2019/assets/dist/images/HomeScreenShot.png]
[nitrocdn.com/wHvDNcErRRXmBJsOsQQouhenqaBbuFef/assets/static/optimized/rev-811abe9/wp-content/themes/kustomer2019/assets/dist/images/lines_product.png]
[nitrocdn.com/wHvDNcErRRXmBJsOsQQouhenqaBbuFef/assets/static/optimized/rev-811abe9/wp-content/themes/kustomer2019/assets/dist/images/partners-lines.png]
[nitrocdn.com/wHvDNcErRRXmBJsOsQQouhenqaBbuFef/assets/static/optimized/rev-811abe9/wp-content/themes/kustomer2019/assets/dist/images/bg-help-form.png]
[nitrocdn.com/wHvDNcErRRXmBJsOsQQouhenqaBbuFef/assets/static/optimized/rev-811abe9/wp-content/themes/kustomer2019/assets/dist/images/dots-background.png]
[nitrocdn.com/wHvDNcErRRXmBJsOsQQouhenqaBbuFef/assets/static/optimized/rev-811abe9/wp-content/uploads/2019/09/3406x1400-dots-background-31.png]
[nitrocdn.com/wHvDNcErRRXmBJsOsQQouhenqaBbuFef/assets/static/optimized/rev-811abe9/wp-content/themes/kustomer2019/assets/dist/images/patern-red.png]
[nitrocdn.com/wHvDNcErRRXmBJsOsQQouhenqaBbuFef/assets/static/optimized/rev-811abe9/wp-content/themes/kustomer2019/assets/dist/images/bg-bdr.png]
[nitrocdn.com/wHvDNcErRRXmBJsOsQQouhenqaBbuFef/assets/static/optimized/rev-811abe9/combinedCss/nitro-min-noimport-92985edd5206967195fac728dddf1020-stylesheet.css]
[www.kustomer.com/product/customer-service/o,baseURI/index.html]
[www.kustomer.com/product/customer-service/GET/index.html]
[www.kustomer.com/product/customer-service/Edge/index.html]
[www.kustomer.com/product/customer-service/_data_image/gif;base64,R0lGODlhAQABAIABAAAAAP/yH5BAEAAAEALAAAAAABAAEAAAICTAEAOw==_/index.html]
[www.kustomer.com/videos/omnichannel/o,baseURI/index.html]
[www.kustomer.com/videos/omnichannel/GET/index.html]
[www.kustomer.com/videos/omnichannel/index.html]
[www.kustomer.com/videos/omnichannel/Edge/index.html]
[fast.wistia.net/assets/external/E-v1.js]
[www.kustomer.com/videos/omnichannel/POST/index.html]
[www.kustomer.com/wp-content/uploads/2020/06/GUD_006_1500x1000.jpg]
[www.kustomer.com/whitepapers/buyers-guide/index.html]
[www.kustomer.com/videos/timeline/POST/index.html]
[www.kustomer.com/wp-content/uploads/2019/06/Untitled-design-18.png]
[www.kustomer.com/wp-content/uploads/2019/12/1500x1000-facebook-reimagine-web.png]
[www.kustomer.com/guides/customer-first-service/index.html]
[www.kustomer.com/videos/timeline/index.html]
[www.kustomer.com/product/customer-service/POST/index.html]
[www.kustomer.com/product/self-service/o,baseURI/index.html]
[www.kustomer.com/product/self-service/GET/index.html]
[www.kustomer.com/product/self-service/Edge/index.html]
[www.kustomer.com/product/self-service/_data_image/gif;base64,R0lGODlhAQABAIABAAAAAP/yH5BAEAAAEALAAAAAABAAEAAAICTAEAOw==_/index.html]
[www.kustomer.com/product/self-service/POST/index.html]
[www.kustomer.com/product/artificial-intelligence/o,baseURI/index.html]
[www.kustomer.com/product/artificial-intelligence/GET/index.html]
[www.kustomer.com/product/artificial-intelligence/Edge/index.html]
[www.kustomer.com/product/artificial-intelligence/POST/index.html]
[www.kustomer.com/product/customer-service-crm/o,baseURI/index.html]
[www.kustomer.com/product/customer-service-crm/GET/index.html]
[www.kustomer.com/product/customer-service-crm/Edge/index.html]
[www.kustomer.com/product/customer-service-crm/_data_image/gif;base64,R0lGODlhAQABAIABAAAAAP/yH5BAEAAAEALAAAAAABAAEAAAICTAEAOw==_/index.html]
[www.kustomer.com/product/enhanced-controls/o,baseURI/index.html]
[www.kustomer.com/product/enhanced-controls/GET/index.html]
[www.kustomer.com/product/enhanced-controls/Edge/index.html]
[www.kustomer.com/product/enhanced-controls/index.html]
[www.kustomer.com/product/enhanced-controls/_data_image/gif;base64,R0lGODlhAQABAIABAAAAAP/yH5BAEAAAEALAAAAAABAAEAAAICTAEAOw==_/index.html]
[www.kustomer.com/product/customer-service-crm/POST/index.html]
[www.kustomer.com/product/integrations/o,baseURI/index.html]
[www.kustomer.com/product/integrations/GET/index.html]
[www.kustomer.com/product/integrations/Edge/index.html]
[www.kustomer.com/product/enhanced-controls/POST/index.html]
[www.kustomer.com/product/integrations/category/insights-analytics/o,baseURI/index.html]
[www.kustomer.com/product/integrations/category/insights-analytics/GET/index.html]
[www.kustomer.com/product/integrations/category/insights-analytics/index.html]
[www.kustomer.com/product/integrations/category/insights-analytics/Edge/index.html]
[www.kustomer.com/product/integrations/category/insights-analytics/POST/index.html]
[www.kustomer.com/product/integrations/category/apps/o,baseURI/index.html]
[www.kustomer.com/product/integrations/category/apps/GET/index.html]
[www.kustomer.com/product/integrations/category/apps/index.html]
[www.kustomer.com/product/integrations/category/apps/Edge/index.html]
[www.kustomer.com/product/integrations/category/apps/POST/index.html]
[www.kustomer.com/product/integrations/category/channels/o,baseURI/index.html]
[www.kustomer.com/product/integrations/category/channels/GET/index.html]
[www.kustomer.com/product/integrations/category/channels/index.html]
[www.kustomer.com/product/integrations/category/channels/Edge/index.html]
[www.kustomer.com/product/integrations/category/channels/POST/index.html]
[www.kustomer.com/product/integrations/category/ai-chatbots/o,baseURI/index.html]
[www.kustomer.com/product/integrations/category/ai-chatbots/GET/index.html]
[www.kustomer.com/product/integrations/category/ai-chatbots/index.html]
[www.kustomer.com/product/integrations/category/ai-chatbots/Edge/index.html]
[www.kustomer.com/product/integrations/category/ai-chatbots/POST/index.html]
[www.kustomer.com/product/integrations/category/ecommerce/o,baseURI/index.html]
[www.kustomer.com/product/integrations/category/ecommerce/GET/index.html]
[www.kustomer.com/product/integrations/category/ecommerce/index.html]
[www.kustomer.com/product/integrations/category/ecommerce/Edge/index.html]
[www.kustomer.com/product/integrations/category/ecommerce/POST/index.html]
[www.kustomer.com/product/integrations/category/surveys-feedback/o,baseURI/index.html]
[www.kustomer.com/product/integrations/category/surveys-feedback/GET/index.html]
[www.kustomer.com/product/integrations/category/surveys-feedback/index.html]
[www.kustomer.com/product/integrations/category/surveys-feedback/Edge/index.html]
[www.kustomer.com/product/integrations/category/integrations/index.html]
[www.kustomer.com/product/integrations/category/productivity/index.html]
[www.kustomer.com/product/integrations/shopify/index.html]
[www.kustomer.com/product/integrations/facebook-messenger/index.html]
